<?xml version="1.0" encoding="UTF-8"?>
<testsuites name="API Testing Suite" time="7.627" tests="2" failures="0" errors="0">
   <testsuite name="API Testing Suite" tests="2" failures="0" errors="0" time="7.627" skipped="0" timestamp="2023-12-13 16:40:48" hostname="nngowda - INMUMNNGOWDA.atrapa.deloitte.com" id="Test Suites/API Testing Suite">
      <properties>
         <property name="deviceName" value=""/>
         <property name="devicePlatform" value=""/>
         <property name="logFolder" value="C:\\Users\\nngowda\\git\\katalon-api-project\\Reports\\20231213_164038\\API Testing Suite\\20231213_164038"/>
         <property name="logFiles" value="C:\\Users\\nngowda\\git\\katalon-api-project\\Reports\\20231213_164038\\API Testing Suite\\20231213_164038\\execution0.log"/>
         <property name="attachments" value=""/>
         <property name="hostName" value="nngowda - INMUMNNGOWDA.atrapa.deloitte.com"/>
         <property name="hostAddress" value="192.168.1.12"/>
         <property name="os" value="Windows 10 64bit"/>
         <property name="katalonVersion" value="8.6.8.208"/>
      </properties>
      <testcase name="Test Cases/REST API Test 1" time="4.012" classname="Test Cases/REST API Test 1" status="PASSED">
         <system-out><![CDATA[2023-12-13 16:40:49 - [TEST_CASE][PASSED] - Test Cases/REST API Test 1: Test Cases/REST API Test 1

2023-12-13 16:40:49 - [TEST_STEP][PASSED] - sendRequest(findTestObject("API/REST/GetUsersList")): Send request successfully

2023-12-13 16:40:52 - [MESSAGE][INFO] - HAR: C:\Users\nngowda\git\katalon-api-project\Reports\20231213_164038\API Testing Suite\20231213_164038\requests\main\0.har

2023-12-13 16:40:52 - [MESSAGE][PASSED] - Send request successfully

2023-12-13 16:40:52 - [TEST_STEP][PASSED] - sendRequestAndVerify(findTestObject("API/REST/GetUsersList")): Send request and verify the response successfully

2023-12-13 16:40:52 - [MESSAGE][INFO] - HAR: C:\Users\nngowda\git\katalon-api-project\Reports\20231213_164038\API Testing Suite\20231213_164038\requests\main\1.har

2023-12-13 16:40:52 - [TEST_CASE][PASSED] - Start Test Case : Verification: Verification accomplished successfully

2023-12-13 16:40:53 - [TEST_STEP][PASSED] - request = getInstance().getCurrentRequest(): null

2023-12-13 16:40:53 - [TEST_STEP][PASSED] - response = getInstance().getCurrentResponse(): null

2023-12-13 16:40:53 - [MESSAGE][PASSED] - Verify response successfully

2023-12-13 16:40:53 - [MESSAGE][PASSED] - All validation steps have been passed

2023-12-13 16:40:53 - [MESSAGE][PASSED] - Send request and verify the response successfully]]></system-out>
         <system-err><![CDATA[]]></system-err>
      </testcase>
      <testcase name="Test Cases/SOAP API Test 1" time="3.248" classname="Test Cases/SOAP API Test 1" status="PASSED">
         <system-out><![CDATA[2023-12-13 16:40:53 - [TEST_CASE][PASSED] - Test Cases/SOAP API Test 1: Test Cases/SOAP API Test 1

2023-12-13 16:40:53 - [TEST_STEP][PASSED] - sendRequest(findTestObject("API/SOAP/AddInteger")): Send request successfully

2023-12-13 16:40:54 - [MESSAGE][INFO] - HAR: C:\Users\nngowda\git\katalon-api-project\Reports\20231213_164038\API Testing Suite\20231213_164038\requests\main\2.har

2023-12-13 16:40:54 - [MESSAGE][PASSED] - Send request successfully

2023-12-13 16:40:54 - [TEST_STEP][PASSED] - sendRequestAndVerify(findTestObject("API/SOAP/AddInteger")): Send request and verify the response successfully

2023-12-13 16:40:56 - [MESSAGE][INFO] - HAR: C:\Users\nngowda\git\katalon-api-project\Reports\20231213_164038\API Testing Suite\20231213_164038\requests\main\3.har

2023-12-13 16:40:56 - [TEST_CASE][PASSED] - Start Test Case : Verification: Verification accomplished successfully

2023-12-13 16:40:56 - [TEST_STEP][PASSED] - request = getInstance().getCurrentRequest(): null

2023-12-13 16:40:56 - [TEST_STEP][PASSED] - response = getInstance().getCurrentResponse(): null

2023-12-13 16:40:56 - [TEST_STEP][PASSED] - verifyResponseStatusCode(response, 200): Verify response status code successfully

2023-12-13 16:40:56 - [MESSAGE][PASSED] - Verify response status code successfully

2023-12-13 16:40:56 - [TEST_STEP][PASSED] - getStatusCode()).isEqualTo(200): null

2023-12-13 16:40:56 - [MESSAGE][PASSED] - Verify response successfully

2023-12-13 16:40:56 - [MESSAGE][PASSED] - All validation steps have been passed

2023-12-13 16:40:56 - [MESSAGE][PASSED] - Send request and verify the response successfully]]></system-out>
         <system-err><![CDATA[]]></system-err>
      </testcase>
      <system-out><![CDATA[2023-12-13 16:40:48 - [TEST_SUITE][PASSED] - API Testing Suite: Test Cases/SOAP API Test 1]]></system-out>
      <system-err><![CDATA[]]></system-err>
   </testsuite>
</testsuites>
