<?xml version="1.0" encoding="UTF-8"?>
<testsuites name="API Testing Suite" time="7.266" tests="2" failures="0" errors="0">
   <testsuite name="API Testing Suite" tests="2" failures="0" errors="0" time="7.266" skipped="0" timestamp="2023-12-12 14:43:07" hostname="nngowda - INMUMNNGOWDA.atrapa.deloitte.com" id="Test Suites/API Testing Suite">
      <properties>
         <property name="deviceName" value=""/>
         <property name="devicePlatform" value=""/>
         <property name="logFolder" value="C:\\Users\\nngowda\\Katalon Studio\\API Testing Project\\Reports\\20231212_144253\\API Testing Suite\\20231212_144253"/>
         <property name="logFiles" value="C:\\Users\\nngowda\\Katalon Studio\\API Testing Project\\Reports\\20231212_144253\\API Testing Suite\\20231212_144253\\execution0.log"/>
         <property name="attachments" value=""/>
         <property name="hostName" value="nngowda - INMUMNNGOWDA.atrapa.deloitte.com"/>
         <property name="hostAddress" value="192.168.1.12"/>
         <property name="os" value="Windows 10 64bit"/>
         <property name="katalonVersion" value="8.6.8.208"/>
      </properties>
      <testcase name="Test Cases/REST API Test 1" time="4.124" classname="Test Cases/REST API Test 1" status="PASSED">
         <system-out><![CDATA[2023-12-12 14:43:08 - [TEST_CASE][PASSED] - Test Cases/REST API Test 1: Test Cases/REST API Test 1

2023-12-12 14:43:08 - [TEST_STEP][PASSED] - sendRequest(findTestObject("API/REST/GetUsersList")): Send request successfully

2023-12-12 14:43:11 - [MESSAGE][INFO] - HAR: C:\Users\nngowda\Katalon Studio\API Testing Project\Reports\20231212_144253\API Testing Suite\20231212_144253\requests\main\0.har

2023-12-12 14:43:11 - [MESSAGE][PASSED] - Send request successfully

2023-12-12 14:43:11 - [TEST_STEP][PASSED] - sendRequestAndVerify(findTestObject("API/REST/GetUsersList")): Send request and verify the response successfully

2023-12-12 14:43:11 - [MESSAGE][INFO] - HAR: C:\Users\nngowda\Katalon Studio\API Testing Project\Reports\20231212_144253\API Testing Suite\20231212_144253\requests\main\1.har

2023-12-12 14:43:11 - [TEST_CASE][PASSED] - Start Test Case : Verification: Verification accomplished successfully

2023-12-12 14:43:12 - [TEST_STEP][PASSED] - request = getInstance().getCurrentRequest(): null

2023-12-12 14:43:12 - [TEST_STEP][PASSED] - response = getInstance().getCurrentResponse(): null

2023-12-12 14:43:12 - [MESSAGE][PASSED] - Verify response successfully

2023-12-12 14:43:12 - [MESSAGE][PASSED] - All validation steps have been passed

2023-12-12 14:43:12 - [MESSAGE][PASSED] - Send request and verify the response successfully]]></system-out>
         <system-err><![CDATA[]]></system-err>
      </testcase>
      <testcase name="Test Cases/SOAP API Test 1" time="2.783" classname="Test Cases/SOAP API Test 1" status="PASSED">
         <system-out><![CDATA[2023-12-12 14:43:12 - [TEST_CASE][PASSED] - Test Cases/SOAP API Test 1: Test Cases/SOAP API Test 1

2023-12-12 14:43:12 - [TEST_STEP][PASSED] - sendRequest(findTestObject("API/SOAP/AddInteger")): Send request successfully

2023-12-12 14:43:13 - [MESSAGE][INFO] - HAR: C:\Users\nngowda\Katalon Studio\API Testing Project\Reports\20231212_144253\API Testing Suite\20231212_144253\requests\main\2.har

2023-12-12 14:43:13 - [MESSAGE][PASSED] - Send request successfully

2023-12-12 14:43:13 - [TEST_STEP][PASSED] - sendRequestAndVerify(findTestObject("API/SOAP/AddInteger")): Send request and verify the response successfully

2023-12-12 14:43:14 - [MESSAGE][INFO] - HAR: C:\Users\nngowda\Katalon Studio\API Testing Project\Reports\20231212_144253\API Testing Suite\20231212_144253\requests\main\3.har

2023-12-12 14:43:14 - [TEST_CASE][PASSED] - Start Test Case : Verification: Verification accomplished successfully

2023-12-12 14:43:14 - [TEST_STEP][PASSED] - request = getInstance().getCurrentRequest(): null

2023-12-12 14:43:14 - [TEST_STEP][PASSED] - response = getInstance().getCurrentResponse(): null

2023-12-12 14:43:14 - [TEST_STEP][PASSED] - verifyResponseStatusCode(response, 200): Verify response status code successfully

2023-12-12 14:43:14 - [MESSAGE][PASSED] - Verify response status code successfully

2023-12-12 14:43:14 - [TEST_STEP][PASSED] - getStatusCode()).isEqualTo(200): null

2023-12-12 14:43:14 - [MESSAGE][PASSED] - Verify response successfully

2023-12-12 14:43:14 - [MESSAGE][PASSED] - All validation steps have been passed

2023-12-12 14:43:14 - [MESSAGE][PASSED] - Send request and verify the response successfully]]></system-out>
         <system-err><![CDATA[]]></system-err>
      </testcase>
      <system-out><![CDATA[2023-12-12 14:43:07 - [TEST_SUITE][PASSED] - API Testing Suite: Test Cases/SOAP API Test 1]]></system-out>
      <system-err><![CDATA[]]></system-err>
   </testsuite>
</testsuites>
